<?xml version="1.0" encoding="UTF-8"?>
<testng-results skipped="0" failed="0" ignored="0" total="2" passed="2">
  <reporter-output>
  </reporter-output>
  <suite name="InetBankingV1-V" duration-ms="41611" started-at="2022-08-05T19:27:55Z" finished-at="2022-08-05T19:28:37Z">
    <groups>
    </groups>
    <test name="BankingApp Test" duration-ms="41611" started-at="2022-08-05T19:27:55Z" finished-at="2022-08-05T19:28:37Z">
      <class name="com.inetbanking.testCases.TC_LoginTest_001">
        <test-method status="PASS" signature="setup(java.lang.String)[pri:0, instance:com.inetbanking.testCases.TC_LoginTest_001@2cb4c3ab]" name="setup" is-config="true" duration-ms="7109" started-at="2022-08-05T19:27:56Z" finished-at="2022-08-05T19:28:03Z">
          <params>
            <param index="0">
              <value>
                <![CDATA[chrome]]>
              </value>
            </param>
          </params>
          <reporter-output>
          </reporter-output>
        </test-method> <!-- setup -->
        <test-method status="PASS" signature="loginTest()[pri:0, instance:com.inetbanking.testCases.TC_LoginTest_001@2cb4c3ab]" name="loginTest" duration-ms="2765" started-at="2022-08-05T19:28:03Z" finished-at="2022-08-05T19:28:06Z">
          <reporter-output>
          </reporter-output>
        </test-method> <!-- loginTest -->
        <test-method status="PASS" signature="tearDown()[pri:0, instance:com.inetbanking.testCases.TC_LoginTest_001@2cb4c3ab]" name="tearDown" is-config="true" duration-ms="778" started-at="2022-08-05T19:28:06Z" finished-at="2022-08-05T19:28:06Z">
          <reporter-output>
          </reporter-output>
        </test-method> <!-- tearDown -->
      </class> <!-- com.inetbanking.testCases.TC_LoginTest_001 -->
      <class name="com.inetbanking.testCases.TC_AddCustomerTest_003">
        <test-method status="PASS" signature="setup(java.lang.String)[pri:0, instance:com.inetbanking.testCases.TC_AddCustomerTest_003@13c78c0b]" name="setup" is-config="true" duration-ms="5136" started-at="2022-08-05T19:28:06Z" finished-at="2022-08-05T19:28:12Z">
          <params>
            <param index="0">
              <value>
                <![CDATA[chrome]]>
              </value>
            </param>
          </params>
          <reporter-output>
          </reporter-output>
        </test-method> <!-- setup -->
        <test-method status="PASS" signature="addNewCustomer()[pri:0, instance:com.inetbanking.testCases.TC_AddCustomerTest_003@13c78c0b]" name="addNewCustomer" duration-ms="24642" started-at="2022-08-05T19:28:12Z" finished-at="2022-08-05T19:28:36Z">
          <reporter-output>
          </reporter-output>
        </test-method> <!-- addNewCustomer -->
        <test-method status="PASS" signature="tearDown()[pri:0, instance:com.inetbanking.testCases.TC_AddCustomerTest_003@13c78c0b]" name="tearDown" is-config="true" duration-ms="819" started-at="2022-08-05T19:28:36Z" finished-at="2022-08-05T19:28:37Z">
          <reporter-output>
          </reporter-output>
        </test-method> <!-- tearDown -->
      </class> <!-- com.inetbanking.testCases.TC_AddCustomerTest_003 -->
    </test> <!-- BankingApp Test -->
  </suite> <!-- InetBankingV1-V -->
</testng-results>
